Performing C SOURCE FILE Test CMAKE_HAVE_LIBC_PTHREAD failed with the following output:
Change Dir: /home/volta03/Multi_Object_Tracking_Vinit/PERCEPTION_ARTPARK/Object_tracking/yolov5-deepsort-tensorrt/build/CMakeFiles/CMakeTmp

Run Build Command(s):/usr/bin/make -f Makefile cmTC_87fb8/fast && /usr/bin/make  -f CMakeFiles/cmTC_87fb8.dir/build.make CMakeFiles/cmTC_87fb8.dir/build
make[1]: Entering directory '/home/volta03/Multi_Object_Tracking_Vinit/PERCEPTION_ARTPARK/Object_tracking/yolov5-deepsort-tensorrt/build/CMakeFiles/CMakeTmp'
Building C object CMakeFiles/cmTC_87fb8.dir/src.c.o
/usr/bin/cc -DCMAKE_HAVE_LIBC_PTHREAD  -fPIC  -o CMakeFiles/cmTC_87fb8.dir/src.c.o -c /home/volta03/Multi_Object_Tracking_Vinit/PERCEPTION_ARTPARK/Object_tracking/yolov5-deepsort-tensorrt/build/CMakeFiles/CMakeTmp/src.c
Linking C executable cmTC_87fb8
/home/volta03/.local/lib/python3.6/site-packages/cmake/data/bin/cmake -E cmake_link_script CMakeFiles/cmTC_87fb8.dir/link.txt --verbose=1
/usr/bin/cc -fPIC  -rdynamic CMakeFiles/cmTC_87fb8.dir/src.c.o -o cmTC_87fb8 
CMakeFiles/cmTC_87fb8.dir/src.c.o: In function `main':
src.c:(.text+0x48): undefined reference to `pthread_create'
src.c:(.text+0x50): undefined reference to `pthread_detach'
src.c:(.text+0x58): undefined reference to `pthread_cancel'
src.c:(.text+0x64): undefined reference to `pthread_join'
src.c:(.text+0x74): undefined reference to `pthread_atfork'
collect2: error: ld returned 1 exit status
CMakeFiles/cmTC_87fb8.dir/build.make:98: recipe for target 'cmTC_87fb8' failed
make[1]: *** [cmTC_87fb8] Error 1
make[1]: Leaving directory '/home/volta03/Multi_Object_Tracking_Vinit/PERCEPTION_ARTPARK/Object_tracking/yolov5-deepsort-tensorrt/build/CMakeFiles/CMakeTmp'
Makefile:127: recipe for target 'cmTC_87fb8/fast' failed
make: *** [cmTC_87fb8/fast] Error 2


Source file was:
#include <pthread.h>

static void* test_func(void* data)
{
  return data;
}

int main(void)
{
  pthread_t thread;
  pthread_create(&thread, NULL, test_func, NULL);
  pthread_detach(thread);
  pthread_cancel(thread);
  pthread_join(thread, NULL);
  pthread_atfork(NULL, NULL, NULL);
  pthread_exit(NULL);

  return 0;
}

Determining if the function pthread_create exists in the pthreads failed with the following output:
Change Dir: /home/volta03/Multi_Object_Tracking_Vinit/PERCEPTION_ARTPARK/Object_tracking/yolov5-deepsort-tensorrt/build/CMakeFiles/CMakeTmp

Run Build Command(s):/usr/bin/make -f Makefile cmTC_0129c/fast && /usr/bin/make  -f CMakeFiles/cmTC_0129c.dir/build.make CMakeFiles/cmTC_0129c.dir/build
make[1]: Entering directory '/home/volta03/Multi_Object_Tracking_Vinit/PERCEPTION_ARTPARK/Object_tracking/yolov5-deepsort-tensorrt/build/CMakeFiles/CMakeTmp'
Building C object CMakeFiles/cmTC_0129c.dir/CheckFunctionExists.c.o
/usr/bin/cc   -fPIC -DCHECK_FUNCTION_EXISTS=pthread_create -o CMakeFiles/cmTC_0129c.dir/CheckFunctionExists.c.o -c /home/volta03/.local/lib/python3.6/site-packages/cmake/data/share/cmake-3.22/Modules/CheckFunctionExists.c
Linking C executable cmTC_0129c
/home/volta03/.local/lib/python3.6/site-packages/cmake/data/bin/cmake -E cmake_link_script CMakeFiles/cmTC_0129c.dir/link.txt --verbose=1
/usr/bin/cc -fPIC -DCHECK_FUNCTION_EXISTS=pthread_create -rdynamic CMakeFiles/cmTC_0129c.dir/CheckFunctionExists.c.o -o cmTC_0129c  -lpthreads 
/usr/bin/ld: cannot find -lpthreads
collect2: error: ld returned 1 exit status
CMakeFiles/cmTC_0129c.dir/build.make:98: recipe for target 'cmTC_0129c' failed
make[1]: *** [cmTC_0129c] Error 1
make[1]: Leaving directory '/home/volta03/Multi_Object_Tracking_Vinit/PERCEPTION_ARTPARK/Object_tracking/yolov5-deepsort-tensorrt/build/CMakeFiles/CMakeTmp'
Makefile:127: recipe for target 'cmTC_0129c/fast' failed
make: *** [cmTC_0129c/fast] Error 2



